<?xml version="1.0" encoding="UTF-8"?>
<testng-results skipped="0" failed="1" ignored="0" total="1" passed="0">
  <reporter-output>
  </reporter-output>
  <suite name="Default suite" duration-ms="56486" started-at="2021-05-21T09:13:47Z" finished-at="2021-05-21T09:14:44Z">
    <groups>
    </groups>
    <test name="Default test" duration-ms="56486" started-at="2021-05-21T09:13:47Z" finished-at="2021-05-21T09:14:44Z">
      <class name="com.handsOn.exercise.useCases.moneyControl.UseCase1_LoginProcessToMoneycontrol">
        <test-method status="PASS" signature="setUpBeforeClass()[pri:0, instance:com.handsOn.exercise.useCases.moneyControl.UseCase1_LoginProcessToMoneycontrol@275710fc]" name="setUpBeforeClass" is-config="true" duration-ms="0" started-at="2021-05-21T14:43:47Z" finished-at="2021-05-21T14:43:47Z">
          <reporter-output>
          </reporter-output>
        </test-method> <!-- setUpBeforeClass -->
        <test-method status="PASS" signature="setUp()[pri:0, instance:com.handsOn.exercise.useCases.moneyControl.UseCase1_LoginProcessToMoneycontrol@275710fc]" name="setUp" is-config="true" duration-ms="17468" started-at="2021-05-21T14:43:48Z" finished-at="2021-05-21T14:44:05Z">
          <reporter-output>
          </reporter-output>
        </test-method> <!-- setUp -->
        <test-method status="FAIL" signature="loginToMoneycontrol_PositiveTest(java.lang.String, java.lang.String, java.lang.String)[pri:1, instance:com.handsOn.exercise.useCases.moneyControl.UseCase1_LoginProcessToMoneycontrol@275710fc]" name="loginToMoneycontrol_PositiveTest" duration-ms="32877" started-at="2021-05-21T14:44:05Z" data-provider="xls-inputs_positive case" finished-at="2021-05-21T14:44:38Z">
          <params>
            <param index="0">
              <value>
                <![CDATA[RameshK2021@rediffmail.com]]>
              </value>
            </param>
            <param index="1">
              <value>
                <![CDATA[Ramesh@21]]>
              </value>
            </param>
            <param index="2">
              <value>
                <![CDATA[Valid Credential]]>
              </value>
            </param>
          </params>
          <exception class="org.openqa.selenium.NoSuchElementException">
            <message>
              <![CDATA[Unable to locate element: moneycontrol.com
For documentation on this error, please visit: http://seleniumhq.org/exceptions/no_such_element.html
Build info: version: '3.6.0', revision: '6fbf3ec767', time: '2017-09-27T15:28:36.4Z'
System info: host: 'DESKTOP-5SL4C2D', ip: '192.168.1.5', os.name: 'Windows 10', os.arch: 'amd64', os.version: '10.0', java.version: '1.8.0_191'
Driver info: org.openqa.selenium.firefox.FirefoxDriver
Capabilities [{moz:profile=C:\Users\SATISHKALE\AppData\Local\Temp\rust_mozprofilecCpMAB, rotatable=false, moz:geckodriverVersion=0.27.0, timeouts={implicit=0, pageLoad=300000, script=30000}, pageLoadStrategy=normal, unhandledPromptBehavior=dismiss and notify, strictFileInteractability=false, moz:headless=false, platform=WINDOWS, moz:accessibilityChecks=false, moz:useNonSpecCompliantPointerOrigin=false, acceptInsecureCerts=true, browserVersion=88.0.1, moz:shutdownTimeout=60000, platformVersion=10.0, moz:processID=1088, browserName=firefox, moz:buildID=20210504152106, javascriptEnabled=true, platformName=WINDOWS, setWindowRect=true, moz:webdriverClick=true}]
Session ID: 5e04f1af-b19b-4ea1-b075-1f034962ce01
*** Element info: {Using=partial link text, value=moneycontrol.com}]]>
            </message>
            <full-stacktrace>
              <![CDATA[org.openqa.selenium.NoSuchElementException: Unable to locate element: moneycontrol.com
For documentation on this error, please visit: http://seleniumhq.org/exceptions/no_such_element.html
Build info: version: '3.6.0', revision: '6fbf3ec767', time: '2017-09-27T15:28:36.4Z'
System info: host: 'DESKTOP-5SL4C2D', ip: '192.168.1.5', os.name: 'Windows 10', os.arch: 'amd64', os.version: '10.0', java.version: '1.8.0_191'
Driver info: org.openqa.selenium.firefox.FirefoxDriver
Capabilities [{moz:profile=C:\Users\SATISHKALE\AppData\Local\Temp\rust_mozprofilecCpMAB, rotatable=false, moz:geckodriverVersion=0.27.0, timeouts={implicit=0, pageLoad=300000, script=30000}, pageLoadStrategy=normal, unhandledPromptBehavior=dismiss and notify, strictFileInteractability=false, moz:headless=false, platform=WINDOWS, moz:accessibilityChecks=false, moz:useNonSpecCompliantPointerOrigin=false, acceptInsecureCerts=true, browserVersion=88.0.1, moz:shutdownTimeout=60000, platformVersion=10.0, moz:processID=1088, browserName=firefox, moz:buildID=20210504152106, javascriptEnabled=true, platformName=WINDOWS, setWindowRect=true, moz:webdriverClick=true}]
Session ID: 5e04f1af-b19b-4ea1-b075-1f034962ce01
*** Element info: {Using=partial link text, value=moneycontrol.com}
	at sun.reflect.NativeConstructorAccessorImpl.newInstance0(Native Method)
	at sun.reflect.NativeConstructorAccessorImpl.newInstance(Unknown Source)
	at sun.reflect.DelegatingConstructorAccessorImpl.newInstance(Unknown Source)
	at java.lang.reflect.Constructor.newInstance(Unknown Source)
	at org.openqa.selenium.remote.http.W3CHttpResponseCodec.createException(W3CHttpResponseCodec.java:185)
	at org.openqa.selenium.remote.http.W3CHttpResponseCodec.decode(W3CHttpResponseCodec.java:120)
	at org.openqa.selenium.remote.http.W3CHttpResponseCodec.decode(W3CHttpResponseCodec.java:49)
	at org.openqa.selenium.remote.HttpCommandExecutor.execute(HttpCommandExecutor.java:164)
	at org.openqa.selenium.remote.service.DriverCommandExecutor.execute(DriverCommandExecutor.java:83)
	at org.openqa.selenium.remote.RemoteWebDriver.execute(RemoteWebDriver.java:586)
	at org.openqa.selenium.remote.RemoteWebDriver.findElement(RemoteWebDriver.java:356)
	at org.openqa.selenium.remote.RemoteWebDriver.findElementByPartialLinkText(RemoteWebDriver.java:418)
	at org.openqa.selenium.By$ByPartialLinkText.findElement(By.java:273)
	at org.openqa.selenium.remote.RemoteWebDriver.findElement(RemoteWebDriver.java:348)
	at org.openqa.selenium.support.pagefactory.DefaultElementLocator.findElement(DefaultElementLocator.java:69)
	at org.openqa.selenium.support.pagefactory.internal.LocatingElementHandler.invoke(LocatingElementHandler.java:38)
	at com.sun.proxy.$Proxy11.isDisplayed(Unknown Source)
	at com.handsOn.exercise.useCases.moneyControl.UseCase1_LoginProcessToMoneycontrol.loginToMoneycontrol_PositiveTest(UseCase1_LoginProcessToMoneycontrol.java:56)
	at sun.reflect.NativeMethodAccessorImpl.invoke0(Native Method)
	at sun.reflect.NativeMethodAccessorImpl.invoke(Unknown Source)
	at sun.reflect.DelegatingMethodAccessorImpl.invoke(Unknown Source)
	at java.lang.reflect.Method.invoke(Unknown Source)
	at org.testng.internal.MethodInvocationHelper.invokeMethod(MethodInvocationHelper.java:108)
	at org.testng.internal.Invoker.invokeMethod(Invoker.java:661)
	at org.testng.internal.Invoker.invokeTestMethod(Invoker.java:869)
	at org.testng.internal.Invoker.invokeTestMethods(Invoker.java:1193)
	at org.testng.internal.TestMethodWorker.invokeTestMethods(TestMethodWorker.java:126)
	at org.testng.internal.TestMethodWorker.run(TestMethodWorker.java:109)
	at org.testng.TestRunner.privateRun(TestRunner.java:744)
	at org.testng.TestRunner.run(TestRunner.java:602)
	at org.testng.SuiteRunner.runTest(SuiteRunner.java:380)
	at org.testng.SuiteRunner.runSequentially(SuiteRunner.java:375)
	at org.testng.SuiteRunner.privateRun(SuiteRunner.java:340)
	at org.testng.SuiteRunner.run(SuiteRunner.java:289)
	at org.testng.SuiteRunnerWorker.runSuite(SuiteRunnerWorker.java:52)
	at org.testng.SuiteRunnerWorker.run(SuiteRunnerWorker.java:86)
	at org.testng.TestNG.runSuitesSequentially(TestNG.java:1301)
	at org.testng.TestNG.runSuitesLocally(TestNG.java:1226)
	at org.testng.TestNG.runSuites(TestNG.java:1144)
	at org.testng.TestNG.run(TestNG.java:1115)
	at org.testng.remote.AbstractRemoteTestNG.run(AbstractRemoteTestNG.java:115)
	at org.testng.remote.RemoteTestNG.initAndRun(RemoteTestNG.java:251)
	at org.testng.remote.RemoteTestNG.main(RemoteTestNG.java:77)
]]>
            </full-stacktrace>
          </exception> <!-- org.openqa.selenium.NoSuchElementException -->
          <reporter-output>
          </reporter-output>
        </test-method> <!-- loginToMoneycontrol_PositiveTest -->
        <test-method status="PASS" signature="tearDown()[pri:0, instance:com.handsOn.exercise.useCases.moneyControl.UseCase1_LoginProcessToMoneycontrol@275710fc]" name="tearDown" is-config="true" duration-ms="5982" started-at="2021-05-21T14:44:38Z" finished-at="2021-05-21T14:44:44Z">
          <reporter-output>
          </reporter-output>
        </test-method> <!-- tearDown -->
      </class> <!-- com.handsOn.exercise.useCases.moneyControl.UseCase1_LoginProcessToMoneycontrol -->
    </test> <!-- Default test -->
  </suite> <!-- Default suite -->
</testng-results>
